0 info it worked if it ends with ok
1 verbose cli [ 'D:\\Important\\nodejs\\node.exe',
1 verbose cli   'D:\\Important\\nodejs\\node_modules\\npm\\bin\\npm-cli.js',
1 verbose cli   'start' ]
2 info using npm@3.10.10
3 info using node@v6.11.1
4 verbose run-script [ 'prestart', 'start', 'poststart' ]
5 info lifecycle antd-demo@0.1.0~prestart: antd-demo@0.1.0
6 silly lifecycle antd-demo@0.1.0~prestart: no script for prestart, continuing
7 info lifecycle antd-demo@0.1.0~start: antd-demo@0.1.0
8 verbose lifecycle antd-demo@0.1.0~start: unsafe-perm in lifecycle true
9 verbose lifecycle antd-demo@0.1.0~start: PATH: D:\Important\nodejs\node_modules\npm\bin\node-gyp-bin;E:\React\p4\antd-demo\node_modules\.bin;C:\windows\system32;C:\windows;C:\windows\System32\Wbem;C:\windows\System32\WindowsPowerShell\v1.0\;C:\Program Files\Intel\WiFi\bin\;C:\Program Files\Common Files\Intel\WirelessCommon\;D:\Important\nodejs\;C:\Users\Administrator\AppData\Local\Microsoft\WindowsApps;C:\Program Files\Intel\WiFi\bin\;C:\Program Files\Common Files\Intel\WirelessCommon\;E:\AppServ\Apache24\bin;E:\AppServ\php5;E:\AppServ\MySQL\bin;D:\Microsoft VS Code\bin;C:\Users\Administrator\Desktop\软件;C:\Users\Administrator\Desktop\学习;C:\Users\Administrator\Desktop\娱乐;C:\Users\Administrator\AppData\Roaming\npm
10 verbose lifecycle antd-demo@0.1.0~start: CWD: E:\React\p4\antd-demo
11 silly lifecycle antd-demo@0.1.0~start: Args: [ '/d /s /c', 'react-scripts start' ]
12 verbose stack Error: kill ENOSYS
12 verbose stack     at exports._errnoException (util.js:1018:11)
12 verbose stack     at process.kill (internal/process.js:190:13)
12 verbose stack     at process.listener (D:\Important\nodejs\node_modules\npm\node_modules\npmlog\node_modules\gauge\node_modules\signal-exit\index.js:86:15)
12 verbose stack     at emitNone (events.js:91:20)
12 verbose stack     at process.emit (events.js:185:7)
12 verbose stack     at processEmit (D:\Important\nodejs\node_modules\npm\node_modules\npmlog\node_modules\gauge\node_modules\signal-exit\index.js:146:32)
12 verbose stack     at processEmit (D:\Important\nodejs\node_modules\npm\node_modules\npm-registry-client\node_modules\npmlog\node_modules\gauge\node_modules\signal-exit\index.js:146:32)
12 verbose stack     at Signal.wrap.onsignal (internal/process.js:217:44)
13 verbose cwd E:\React\p4\antd-demo
14 error Windows_NT 10.0.14393
15 error argv "D:\\Important\\nodejs\\node.exe" "D:\\Important\\nodejs\\node_modules\\npm\\bin\\npm-cli.js" "start"
16 error node v6.11.1
17 error npm  v3.10.10
18 error code ENOSYS
19 error errno ENOSYS
20 error syscall kill
21 error kill ENOSYS
22 error If you need help, you may report this error at:
22 error     <https://github.com/npm/npm/issues>
23 verbose exit [ 1, true ]
